<?xml version="1.0" encoding="UTF-8"?>
<!-- Generated by org.testng.reporters.JUnitXMLReporter -->
<testsuite hostname="DESKTOP-SB4O2S8" name="Test" tests="2" failures="0" timestamp="19 May 2018 01:52:51 GMT" time="0.031" errors="0">
  <testcase name="@BeforeClass startBrowser" time="0.0" classname="application.testcases.LoginTestScenarios4">
    <failure type="org.testng.TestNGException" message="
Parameter &amp;apos;Browser&amp;apos; is required by @Configuration on method startBrowser but has not been marked @Optional or defined
in F:\automation_code\selenium_pageobject\com.learnselenium.framework\XMLFiles\CRM.xml">
      <![CDATA[org.testng.TestNGException: 
Parameter 'Browser' is required by @Configuration on method startBrowser but has not been marked @Optional or defined
in F:\automation_code\selenium_pageobject\com.learnselenium.framework\XMLFiles\CRM.xml
... Removed 24 stack frames]]>
    </failure>
  </testcase> <!-- @BeforeClass startBrowser -->
  <testcase name="@AfterMethod tearDown" time="0.0" classname="application.testcases.LoginTestScenarios4">
    <skipped/>
  </testcase> <!-- @AfterMethod tearDown -->
  <testcase name="loginWithValidCredentials" time="0.0" classname="application.testcases.LoginTestScenarios4">
    <skipped/>
  </testcase> <!-- loginWithValidCredentials -->
  <testcase name="logOut" time="0.0" classname="application.testcases.LoginTestScenarios4">
    <skipped/>
  </testcase> <!-- logOut -->
</testsuite> <!-- Test -->
